<?xml version="1.0" encoding="UTF-8"?>
<!-- Generated by org.testng.reporters.JUnitReportReporter -->
<testsuite hostname="DESKTOP-2F9KF4V" failures="0" tests="1" name="firstTest.TestCase1" time="4.866" errors="0" timestamp="16 Feb 2022 16:49:31 GMT" skipped="0">
  <testcase classname="firstTest.TestCase1" name="Scenario" time="4.866"/>
</testsuite> <!-- firstTest.TestCase1 -->
