<?xml version="1.0" encoding="UTF-8"?>
<!-- Generated by org.testng.reporters.JUnitReportReporter -->
<testsuite hostname="DESKTOP-2F9KF4V" failures="0" tests="1" name="testCases.JumiaLandingPage" time="16.842" errors="0" timestamp="16 Feb 2022 17:36:29 GMT" skipped="0">
  <testcase classname="testCases.JumiaLandingPage" name="navigateToLoginPage" time="16.842"/>
</testsuite> <!-- testCases.JumiaLandingPage -->
