<?xml version="1.0" encoding="UTF-8"?>
<!-- Generated by org.testng.reporters.JUnitReportReporter -->
<testsuite hostname="DESKTOP-2F9KF4V" failures="0" tests="1" name="testCases.GoogleSearch" time="11.007" errors="0" timestamp="16 Feb 2022 16:49:31 GMT" skipped="0">
  <testcase classname="testCases.GoogleSearch" name="googleSearchTest" time="11.007"/>
</testsuite> <!-- testCases.GoogleSearch -->
